0::0046-0003::-------------------- Pre-build resource: MICRO850    Configuration: MICRO850 --------------
0::0044-0003::Pre-compiling for 2080LC5048QBBI
0::0000-0003::FB_CTL_ONE_MOTOR
0:C:\USERS\YZHANG37\DESKTOP\EW_PRJ\ENGINEERINGWEEK2017\CONTROLLER\CONTROLLER\MICRO850\MICRO850\FB_CTL_ONE_MOTOR:0000-0003::FB_CTL_MOTORS
0:C:\USERS\YZHANG37\DESKTOP\EW_PRJ\ENGINEERINGWEEK2017\CONTROLLER\CONTROLLER\MICRO850\MICRO850\FB_CTL_MOTORS:0000-0003::FB_CTL_ALL_MOTORS
0:C:\USERS\YZHANG37\DESKTOP\EW_PRJ\ENGINEERINGWEEK2017\CONTROLLER\CONTROLLER\MICRO850\MICRO850\FB_CTL_ALL_MOTORS:0000-0003::FB_PAW_CLOSE
0:C:\USERS\YZHANG37\DESKTOP\EW_PRJ\ENGINEERINGWEEK2017\CONTROLLER\CONTROLLER\MICRO850\MICRO850\FB_PAW_CLOSE:0000-0003::FB_PAW_OPEN
0:C:\USERS\YZHANG37\DESKTOP\EW_PRJ\ENGINEERINGWEEK2017\CONTROLLER\CONTROLLER\MICRO850\MICRO850\FB_PAW_OPEN:0000-0003::FB_CTL_MOTORS_EXCEPT_PAW
0:C:\USERS\YZHANG37\DESKTOP\EW_PRJ\ENGINEERINGWEEK2017\CONTROLLER\CONTROLLER\MICRO850\MICRO850\FB_CTL_MOTORS_EXCEPT_PAW:0000-0003::SENSORS_DETECTION
0:C:\USERS\YZHANG37\DESKTOP\EW_PRJ\ENGINEERINGWEEK2017\CONTROLLER\CONTROLLER\MICRO850\MICRO850\SENSORS_DETECTION:0000-0003::TEST
0:C:\USERS\YZHANG37\DESKTOP\EW_PRJ\ENGINEERINGWEEK2017\CONTROLLER\CONTROLLER\MICRO850\MICRO850\TEST:0000-0003::PICK_DROP_LOOP
0:C:\USERS\YZHANG37\DESKTOP\EW_PRJ\ENGINEERINGWEEK2017\CONTROLLER\CONTROLLER\MICRO850\MICRO850\PICK_DROP_LOOP:0002-0003::MICRO850:    0 error(s), 0 warning(s)
0::0006-0003::-------------------- Build resource: MICRO850    Configuration: MICRO850 --------------
0::0001-0003::Compiling for 2080LC5048QBBI
0::0000-0003::FB_CTL_ONE_MOTOR
0:C:\USERS\YZHANG37\DESKTOP\EW_PRJ\ENGINEERINGWEEK2017\CONTROLLER\CONTROLLER\MICRO850\MICRO850\FB_CTL_ONE_MOTOR:0000-0003::FB_CTL_MOTORS
0:C:\USERS\YZHANG37\DESKTOP\EW_PRJ\ENGINEERINGWEEK2017\CONTROLLER\CONTROLLER\MICRO850\MICRO850\FB_CTL_MOTORS:0000-0003::FB_CTL_ALL_MOTORS
0:C:\USERS\YZHANG37\DESKTOP\EW_PRJ\ENGINEERINGWEEK2017\CONTROLLER\CONTROLLER\MICRO850\MICRO850\FB_CTL_ALL_MOTORS:0000-0003::FB_PAW_CLOSE
0:C:\USERS\YZHANG37\DESKTOP\EW_PRJ\ENGINEERINGWEEK2017\CONTROLLER\CONTROLLER\MICRO850\MICRO850\FB_PAW_CLOSE:0000-0003::FB_PAW_OPEN
0:C:\USERS\YZHANG37\DESKTOP\EW_PRJ\ENGINEERINGWEEK2017\CONTROLLER\CONTROLLER\MICRO850\MICRO850\FB_PAW_OPEN:0000-0003::FB_CTL_MOTORS_EXCEPT_PAW
0:C:\USERS\YZHANG37\DESKTOP\EW_PRJ\ENGINEERINGWEEK2017\CONTROLLER\CONTROLLER\MICRO850\MICRO850\FB_CTL_MOTORS_EXCEPT_PAW:0000-0003::SENSORS_DETECTION
0:C:\USERS\YZHANG37\DESKTOP\EW_PRJ\ENGINEERINGWEEK2017\CONTROLLER\CONTROLLER\MICRO850\MICRO850\SENSORS_DETECTION:0000-0003::TEST
0:C:\USERS\YZHANG37\DESKTOP\EW_PRJ\ENGINEERINGWEEK2017\CONTROLLER\CONTROLLER\MICRO850\MICRO850\TEST:0000-0003::PICK_DROP_LOOP
0:C:\USERS\YZHANG37\DESKTOP\EW_PRJ\ENGINEERINGWEEK2017\CONTROLLER\CONTROLLER\MICRO850\MICRO850\PICK_DROP_LOOP:0003-0003::Linking for 2080LC5048QBBI
0:C:\USERS\YZHANG37\DESKTOP\EW_PRJ\ENGINEERINGWEEK2017\CONTROLLER\CONTROLLER\MICRO850\MICRO850\PICK_DROP_LOOP:0002-0003::MICRO850:    0 error(s), 0 warning(s)
